[    1369ms] [LOG] DEBUG: AMPLITUDE_ENABLED before @ https://static.uacdn.net/production/_next/static/chunks/pages/_app-dc4551462f5b5012.js:49
[    1370ms] [LOG] DEBUG: AMPLITUDE_ENABLED after @ https://static.uacdn.net/production/_next/static/chunks/pages/_app-dc4551462f5b5012.js:49
[    1706ms] [WARNING] Amplitude Logger [Warn]: `options.defaultTracking` is set to undefined. This implicitly configures your Amplitude instance to track Page Views, Sessions, File Downloads, and Form Interactions. You can suppress this warning by explicitly setting a value to `options.defaultTracking`. The value must either be a boolean, to enable and disable all default events, or an object, for advanced configuration. For example:

amplitude.init(<YOUR_API_KEY>, {
  defaultTracking: true,
});

Visit https://www.docs.developers.amplitude.com/data/sdks/browser-2/#tracking-default-events for more details. @ https://static.uacdn.net/production/_next/static/chunks/pages/_app-dc4551462f5b5012.js:49
[    1875ms] [ERROR] Failed to load resource: the server responded with a status of 400 () @ https://event-server-prod.unacademy.com/bulk/collect:0
[    2070ms] [WARNING] [Meta Pixel] - You are sending a non-standard event 'Scholarship Test - Card Viewed'. The preferred way to send these events is using trackCustom. See 'https://developers.facebook.com/docs/ads-for-websites/pixel-events/#events' for more information. @ https://static.uacdn.net/production/_next/static/chunks/pages/_app-dc4551462f5b5012.js:49
[    2635ms] [WARNING] [Meta Pixel] - You are sending a non-standard event 'Banner - Banner Viewed'. The preferred way to send these events is using trackCustom. See 'https://developers.facebook.com/docs/ads-for-websites/pixel-events/#events' for more information. @ https://static.uacdn.net/production/_next/static/chunks/pages/_app-dc4551462f5b5012.js:49
[    3849ms] [ERROR] Access to fetch at 'https://api.unacademy.com/v1/users/educator-levels-display-config/' from origin 'https://unacademy.com' has been blocked by CORS policy: The 'Access-Control-Allow-Origin' header contains multiple values 'https://unacademy.com, https://unacademy.com', but only one is allowed. Have the server send the header with a valid value. @ https://unacademy.com/goal/neet-ug/YOTUH:0
[    3850ms] [ERROR] Failed to load resource: net::ERR_FAILED @ https://api.unacademy.com/v1/users/educator-levels-display-config/:0
[   13932ms] [ERROR] Access to fetch at 'https://api.unacademy.com/v1/users/educator-levels-display-config/' from origin 'https://unacademy.com' has been blocked by CORS policy: The 'Access-Control-Allow-Origin' header contains multiple values 'https://unacademy.com, https://unacademy.com', but only one is allowed. Have the server send the header with a valid value. @ https://unacademy.com/goal/neet-ug/YOTUH:0
[   13932ms] [ERROR] Failed to load resource: net::ERR_FAILED @ https://api.unacademy.com/v1/users/educator-levels-display-config/:0
[   29026ms] [ERROR] Access to fetch at 'https://api.unacademy.com/v1/users/educator-levels-display-config/' from origin 'https://unacademy.com' has been blocked by CORS policy: The 'Access-Control-Allow-Origin' header contains multiple values 'https://unacademy.com, https://unacademy.com', but only one is allowed. Have the server send the header with a valid value. @ https://unacademy.com/goal/neet-ug/YOTUH:0
[   29026ms] [ERROR] Failed to load resource: net::ERR_FAILED @ https://api.unacademy.com/v1/users/educator-levels-display-config/:0
[   49098ms] [ERROR] Access to fetch at 'https://api.unacademy.com/v1/users/educator-levels-display-config/' from origin 'https://unacademy.com' has been blocked by CORS policy: The 'Access-Control-Allow-Origin' header contains multiple values 'https://unacademy.com, https://unacademy.com', but only one is allowed. Have the server send the header with a valid value. @ https://unacademy.com/goal/neet-ug/YOTUH:0
[   49098ms] [ERROR] Failed to load resource: net::ERR_FAILED @ https://api.unacademy.com/v1/users/educator-levels-display-config/:0
[   95423ms] [LOG] DEBUG: AMPLITUDE_ENABLED before @ https://static.uacdn.net/production/_next/static/chunks/pages/_app-dc4551462f5b5012.js:49
[   95425ms] [LOG] DEBUG: AMPLITUDE_ENABLED after @ https://static.uacdn.net/production/_next/static/chunks/pages/_app-dc4551462f5b5012.js:49
[   97522ms] [ERROR] Failed to load resource: the server responded with a status of 400 () @ https://event-server-prod.unacademy.com/bulk/collect:0
[   97627ms] [WARNING] Amplitude Logger [Warn]: `options.defaultTracking` is set to undefined. This implicitly configures your Amplitude instance to track Page Views, Sessions, File Downloads, and Form Interactions. You can suppress this warning by explicitly setting a value to `options.defaultTracking`. The value must either be a boolean, to enable and disable all default events, or an object, for advanced configuration. For example:

amplitude.init(<YOUR_API_KEY>, {
  defaultTracking: true,
});

Visit https://www.docs.developers.amplitude.com/data/sdks/browser-2/#tracking-default-events for more details. @ https://static.uacdn.net/production/_next/static/chunks/pages/_app-dc4551462f5b5012.js:49
[   98172ms] [WARNING] [Meta Pixel] - You are sending a non-standard event 'Banner - Banner Viewed'. The preferred way to send these events is using trackCustom. See 'https://developers.facebook.com/docs/ads-for-websites/pixel-events/#events' for more information. @ https://static.uacdn.net/production/_next/static/chunks/pages/_app-dc4551462f5b5012.js:49
[   98257ms] [WARNING] [Meta Pixel] - You are sending a non-standard event 'Scholarship Test - Card Viewed'. The preferred way to send these events is using trackCustom. See 'https://developers.facebook.com/docs/ads-for-websites/pixel-events/#events' for more information. @ https://static.uacdn.net/production/_next/static/chunks/pages/_app-dc4551462f5b5012.js:49
[   99259ms] [ERROR] Access to fetch at 'https://api.unacademy.com/v1/users/educator-levels-display-config/' from origin 'https://unacademy.com' has been blocked by CORS policy: The 'Access-Control-Allow-Origin' header contains multiple values 'https://unacademy.com, https://unacademy.com', but only one is allowed. Have the server send the header with a valid value. @ https://unacademy.com/goal/neet-ug/YOTUH:0
[   99259ms] [ERROR] Failed to load resource: net::ERR_FAILED @ https://api.unacademy.com/v1/users/educator-levels-display-config/:0
[  109276ms] [ERROR] Access to fetch at 'https://api.unacademy.com/v1/users/educator-levels-display-config/' from origin 'https://unacademy.com' has been blocked by CORS policy: The 'Access-Control-Allow-Origin' header contains multiple values 'https://unacademy.com, https://unacademy.com', but only one is allowed. Have the server send the header with a valid value. @ https://unacademy.com/goal/neet-ug/YOTUH:0
[  109276ms] [ERROR] Failed to load resource: net::ERR_FAILED @ https://api.unacademy.com/v1/users/educator-levels-display-config/:0
[  134299ms] [ERROR] Access to fetch at 'https://api.unacademy.com/v1/users/educator-levels-display-config/' from origin 'https://unacademy.com' has been blocked by CORS policy: The 'Access-Control-Allow-Origin' header contains multiple values 'https://unacademy.com, https://unacademy.com', but only one is allowed. Have the server send the header with a valid value. @ https://unacademy.com/goal/neet-ug/YOTUH:0
[  134299ms] [ERROR] Failed to load resource: net::ERR_FAILED @ https://api.unacademy.com/v1/users/educator-levels-display-config/:0
[  169410ms] [ERROR] Access to fetch at 'https://api.unacademy.com/v1/users/educator-levels-display-config/' from origin 'https://unacademy.com' has been blocked by CORS policy: The 'Access-Control-Allow-Origin' header contains multiple values 'https://unacademy.com, https://unacademy.com', but only one is allowed. Have the server send the header with a valid value. @ https://unacademy.com/goal/neet-ug/YOTUH:0
[  169410ms] [ERROR] Failed to load resource: net::ERR_FAILED @ https://api.unacademy.com/v1/users/educator-levels-display-config/:0
[  224442ms] [ERROR] Access to fetch at 'https://api.unacademy.com/v1/users/educator-levels-display-config/' from origin 'https://unacademy.com' has been blocked by CORS policy: The 'Access-Control-Allow-Origin' header contains multiple values 'https://unacademy.com, https://unacademy.com', but only one is allowed. Have the server send the header with a valid value. @ https://unacademy.com/goal/neet-ug/YOTUH:0
[  224443ms] [ERROR] Failed to load resource: net::ERR_FAILED @ https://api.unacademy.com/v1/users/educator-levels-display-config/:0
[  379493ms] [ERROR] Access to fetch at 'https://api.unacademy.com/v1/users/educator-levels-display-config/' from origin 'https://unacademy.com' has been blocked by CORS policy: The 'Access-Control-Allow-Origin' header contains multiple values 'https://unacademy.com, https://unacademy.com', but only one is allowed. Have the server send the header with a valid value. @ https://unacademy.com/goal/neet-ug/YOTUH:0
[  379493ms] [ERROR] Failed to load resource: net::ERR_FAILED @ https://api.unacademy.com/v1/users/educator-levels-display-config/:0
[  544815ms] [ERROR] Access to fetch at 'https://api.unacademy.com/v1/users/educator-levels-display-config/' from origin 'https://unacademy.com' has been blocked by CORS policy: The 'Access-Control-Allow-Origin' header contains multiple values 'https://unacademy.com, https://unacademy.com', but only one is allowed. Have the server send the header with a valid value. @ https://unacademy.com/goal/neet-ug/YOTUH:0
[  544816ms] [ERROR] Failed to load resource: net::ERR_FAILED @ https://api.unacademy.com/v1/users/educator-levels-display-config/:0
